2020-11-11 20:52:06 - PHP Notice:  Trying to access array offset on value of type null in /opt/lampp/htdocs/opencart/admin/controller/marketplace/marketplace.php on line 167
2020-11-11 20:52:06 - PHP Notice:  Trying to access array offset on value of type null in /opt/lampp/htdocs/opencart/admin/controller/marketplace/marketplace.php on line 205
2020-11-11 20:52:06 - PHP Notice:  Trying to access array offset on value of type null in /opt/lampp/htdocs/opencart/admin/controller/marketplace/marketplace.php on line 222
2020-11-11 20:52:20 - PHP Notice:  Trying to access array offset on value of type null in /opt/lampp/htdocs/opencart/admin/controller/marketplace/marketplace.php on line 167
2020-11-11 20:52:20 - PHP Notice:  Trying to access array offset on value of type null in /opt/lampp/htdocs/opencart/admin/controller/marketplace/marketplace.php on line 205
2020-11-11 20:52:20 - PHP Notice:  Trying to access array offset on value of type null in /opt/lampp/htdocs/opencart/admin/controller/marketplace/marketplace.php on line 222
2020-11-11 20:57:01 - PHP Notice:  Trying to access array offset on value of type null in /opt/lampp/htdocs/opencart/admin/controller/marketplace/marketplace.php on line 1011
2020-11-11 20:57:01 - PHP Notice:  Trying to access array offset on value of type null in /opt/lampp/htdocs/opencart/admin/controller/marketplace/marketplace.php on line 1013
2020-11-11 20:58:17 - PHP Notice:  Trying to access array offset on value of type null in /opt/lampp/htdocs/opencart/admin/controller/marketplace/marketplace.php on line 1011
2020-11-11 20:58:17 - PHP Notice:  Trying to access array offset on value of type null in /opt/lampp/htdocs/opencart/admin/controller/marketplace/marketplace.php on line 1013
2020-11-11 20:59:50 - PHP Notice:  Trying to access array offset on value of type null in /opt/lampp/htdocs/opencart/admin/controller/marketplace/marketplace.php on line 1011
2020-11-11 20:59:50 - PHP Notice:  Trying to access array offset on value of type null in /opt/lampp/htdocs/opencart/admin/controller/marketplace/marketplace.php on line 1013
2020-11-11 21:00:42 - PHP Notice:  Trying to access array offset on value of type null in /opt/lampp/htdocs/opencart/admin/controller/marketplace/marketplace.php on line 1011
2020-11-11 21:00:42 - PHP Notice:  Trying to access array offset on value of type null in /opt/lampp/htdocs/opencart/admin/controller/marketplace/marketplace.php on line 1013
2020-11-11 21:09:25 - PHP Warning:  rename(/opt/lampp/htdocs/opencart/system/storage/upload/tmp-s4YXtYT6O4/upload/system/config/paypal.php,/opt/lampp/htdocs/opencart/system/config/paypal.php): Permission denied in /opt/lampp/htdocs/opencart/admin/controller/marketplace/install.php on line 218
2020-11-11 21:09:25 - PHP Warning:  rename(/opt/lampp/htdocs/opencart/system/storage/upload/tmp-s4YXtYT6O4/upload/system/config/paypal_smart_button.php,/opt/lampp/htdocs/opencart/system/config/paypal_smart_button.php): Permission denied in /opt/lampp/htdocs/opencart/admin/controller/marketplace/install.php on line 218
2020-11-11 21:09:25 - PHP Warning:  rename(/opt/lampp/htdocs/opencart/system/storage/upload/tmp-s4YXtYT6O4/upload/system/library/paypal/paypal.php,/opt/lampp/htdocs/opencart/system/library/paypal/paypal.php): Permission denied in /opt/lampp/htdocs/opencart/admin/controller/marketplace/install.php on line 218
2020-11-11 21:09:25 - PHP Warning:  rename(/opt/lampp/htdocs/opencart/system/storage/upload/tmp-s4YXtYT6O4/upload/admin/controller/extension/module/paypal_smart_button.php,/opt/lampp/htdocs/opencart/admin/controller/extension/module/paypal_smart_button.php): Permission denied in /opt/lampp/htdocs/opencart/admin/controller/marketplace/install.php on line 218
2020-11-11 21:09:25 - PHP Warning:  rename(/opt/lampp/htdocs/opencart/system/storage/upload/tmp-s4YXtYT6O4/upload/admin/controller/extension/payment/paypal.php,/opt/lampp/htdocs/opencart/admin/controller/extension/payment/paypal.php): Permission denied in /opt/lampp/htdocs/opencart/admin/controller/marketplace/install.php on line 218
2020-11-11 21:09:25 - PHP Warning:  rename(/opt/lampp/htdocs/opencart/system/storage/upload/tmp-s4YXtYT6O4/upload/admin/model/extension/module/paypal_smart_button.php,/opt/lampp/htdocs/opencart/admin/model/extension/module/paypal_smart_button.php): Permission denied in /opt/lampp/htdocs/opencart/admin/controller/marketplace/install.php on line 218
2020-11-11 21:09:25 - PHP Warning:  rename(/opt/lampp/htdocs/opencart/system/storage/upload/tmp-s4YXtYT6O4/upload/admin/model/extension/payment/paypal.php,/opt/lampp/htdocs/opencart/admin/model/extension/payment/paypal.php): Permission denied in /opt/lampp/htdocs/opencart/admin/controller/marketplace/install.php on line 218
2020-11-11 21:09:25 - PHP Warning:  rename(/opt/lampp/htdocs/opencart/system/storage/upload/tmp-s4YXtYT6O4/upload/admin/view/image/payment/paypal.png,/opt/lampp/htdocs/opencart/admin/view/image/payment/paypal.png): Permission denied in /opt/lampp/htdocs/opencart/admin/controller/marketplace/install.php on line 218
2020-11-11 21:09:25 - PHP Warning:  rename(/opt/lampp/htdocs/opencart/system/storage/upload/tmp-s4YXtYT6O4/upload/catalog/controller/extension/module/paypal_smart_button.php,/opt/lampp/htdocs/opencart/catalog/controller/extension/module/paypal_smart_button.php): Permission denied in /opt/lampp/htdocs/opencart/admin/controller/marketplace/install.php on line 218
2020-11-11 21:09:25 - PHP Warning:  rename(/opt/lampp/htdocs/opencart/system/storage/upload/tmp-s4YXtYT6O4/upload/catalog/controller/extension/payment/paypal.php,/opt/lampp/htdocs/opencart/catalog/controller/extension/payment/paypal.php): Permission denied in /opt/lampp/htdocs/opencart/admin/controller/marketplace/install.php on line 218
2020-11-11 21:09:25 - PHP Warning:  rename(/opt/lampp/htdocs/opencart/system/storage/upload/tmp-s4YXtYT6O4/upload/catalog/model/extension/module/paypal_smart_button.php,/opt/lampp/htdocs/opencart/catalog/model/extension/module/paypal_smart_button.php): Permission denied in /opt/lampp/htdocs/opencart/admin/controller/marketplace/install.php on line 218
2020-11-11 21:09:25 - PHP Warning:  rename(/opt/lampp/htdocs/opencart/system/storage/upload/tmp-s4YXtYT6O4/upload/catalog/model/extension/payment/paypal.php,/opt/lampp/htdocs/opencart/catalog/model/extension/payment/paypal.php): Permission denied in /opt/lampp/htdocs/opencart/admin/controller/marketplace/install.php on line 218
2020-11-11 21:09:25 - PHP Warning:  rename(/opt/lampp/htdocs/opencart/system/storage/upload/tmp-s4YXtYT6O4/upload/admin/language/en-gb/extension/module/paypal_smart_button.php,/opt/lampp/htdocs/opencart/admin/language/en-gb/extension/module/paypal_smart_button.php): Permission denied in /opt/lampp/htdocs/opencart/admin/controller/marketplace/install.php on line 218
2020-11-11 21:09:25 - PHP Warning:  rename(/opt/lampp/htdocs/opencart/system/storage/upload/tmp-s4YXtYT6O4/upload/admin/language/en-gb/extension/payment/paypal.php,/opt/lampp/htdocs/opencart/admin/language/en-gb/extension/payment/paypal.php): Permission denied in /opt/lampp/htdocs/opencart/admin/controller/marketplace/install.php on line 218
2020-11-11 21:09:25 - PHP Warning:  rename(/opt/lampp/htdocs/opencart/system/storage/upload/tmp-s4YXtYT6O4/upload/admin/view/template/extension/module/paypal_smart_button.tpl,/opt/lampp/htdocs/opencart/admin/view/template/extension/module/paypal_smart_button.tpl): Permission denied in /opt/lampp/htdocs/opencart/admin/controller/marketplace/install.php on line 218
2020-11-11 21:09:25 - PHP Warning:  rename(/opt/lampp/htdocs/opencart/system/storage/upload/tmp-s4YXtYT6O4/upload/admin/view/template/extension/payment/paypal.tpl,/opt/lampp/htdocs/opencart/admin/view/template/extension/payment/paypal.tpl): Permission denied in /opt/lampp/htdocs/opencart/admin/controller/marketplace/install.php on line 218
2020-11-11 21:09:25 - PHP Warning:  rename(/opt/lampp/htdocs/opencart/system/storage/upload/tmp-s4YXtYT6O4/upload/catalog/language/en-gb/extension/module/paypal_smart_button.php,/opt/lampp/htdocs/opencart/catalog/language/en-gb/extension/module/paypal_smart_button.php): Permission denied in /opt/lampp/htdocs/opencart/admin/controller/marketplace/install.php on line 218
2020-11-11 21:09:25 - PHP Warning:  rename(/opt/lampp/htdocs/opencart/system/storage/upload/tmp-s4YXtYT6O4/upload/catalog/language/en-gb/extension/payment/paypal.php,/opt/lampp/htdocs/opencart/catalog/language/en-gb/extension/payment/paypal.php): Permission denied in /opt/lampp/htdocs/opencart/admin/controller/marketplace/install.php on line 218
2020-11-11 21:09:25 - PHP Warning:  rename(/opt/lampp/htdocs/opencart/system/storage/upload/tmp-s4YXtYT6O4/upload/catalog/view/theme/default/template/extension/module/paypal_smart_button.tpl,/opt/lampp/htdocs/opencart/catalog/view/theme/default/template/extension/module/paypal_smart_button.tpl): Permission denied in /opt/lampp/htdocs/opencart/admin/controller/marketplace/install.php on line 218
2020-11-11 21:09:25 - PHP Warning:  rename(/opt/lampp/htdocs/opencart/system/storage/upload/tmp-s4YXtYT6O4/upload/catalog/view/theme/default/template/extension/payment/paypal.tpl,/opt/lampp/htdocs/opencart/catalog/view/theme/default/template/extension/payment/paypal.tpl): Permission denied in /opt/lampp/htdocs/opencart/admin/controller/marketplace/install.php on line 218
2020-11-11 21:09:25 - PHP Warning:  rename(/opt/lampp/htdocs/opencart/system/storage/upload/tmp-s4YXtYT6O4/upload/catalog/view/theme/default/template/extension/module/paypal_smart_button/confirm.tpl,/opt/lampp/htdocs/opencart/catalog/view/theme/default/template/extension/module/paypal_smart_button/confirm.tpl): Permission denied in /opt/lampp/htdocs/opencart/admin/controller/marketplace/install.php on line 218
2020-11-11 21:09:25 - PHP Warning:  rename(/opt/lampp/htdocs/opencart/system/storage/upload/tmp-s4YXtYT6O4/upload/catalog/view/theme/default/template/extension/module/paypal_smart_button/payment_address.tpl,/opt/lampp/htdocs/opencart/catalog/view/theme/default/template/extension/module/paypal_smart_button/payment_address.tpl): Permission denied in /opt/lampp/htdocs/opencart/admin/controller/marketplace/install.php on line 218
2020-11-11 21:09:25 - PHP Warning:  rename(/opt/lampp/htdocs/opencart/system/storage/upload/tmp-s4YXtYT6O4/upload/catalog/view/theme/default/template/extension/module/paypal_smart_button/shipping_address.tpl,/opt/lampp/htdocs/opencart/catalog/view/theme/default/template/extension/module/paypal_smart_button/shipping_address.tpl): Permission denied in /opt/lampp/htdocs/opencart/admin/controller/marketplace/install.php on line 218
2020-11-11 21:10:13 - PHP Warning:  rename(/opt/lampp/htdocs/opencart/system/storage/upload/tmp-A4uMBuTrIG/upload/system/config/paypal.php,/opt/lampp/htdocs/opencart/system/config/paypal.php): Permission denied in /opt/lampp/htdocs/opencart/admin/controller/marketplace/install.php on line 218
2020-11-11 21:10:13 - PHP Warning:  rename(/opt/lampp/htdocs/opencart/system/storage/upload/tmp-A4uMBuTrIG/upload/system/config/paypal_smart_button.php,/opt/lampp/htdocs/opencart/system/config/paypal_smart_button.php): Permission denied in /opt/lampp/htdocs/opencart/admin/controller/marketplace/install.php on line 218
2020-11-11 21:10:13 - PHP Warning:  rename(/opt/lampp/htdocs/opencart/system/storage/upload/tmp-A4uMBuTrIG/upload/system/library/paypal/paypal.php,/opt/lampp/htdocs/opencart/system/library/paypal/paypal.php): Permission denied in /opt/lampp/htdocs/opencart/admin/controller/marketplace/install.php on line 218
2020-11-11 21:10:13 - PHP Warning:  rename(/opt/lampp/htdocs/opencart/system/storage/upload/tmp-A4uMBuTrIG/upload/admin/controller/extension/module/paypal_smart_button.php,/opt/lampp/htdocs/opencart/admin/controller/extension/module/paypal_smart_button.php): Permission denied in /opt/lampp/htdocs/opencart/admin/controller/marketplace/install.php on line 218
2020-11-11 21:10:13 - PHP Warning:  rename(/opt/lampp/htdocs/opencart/system/storage/upload/tmp-A4uMBuTrIG/upload/admin/controller/extension/payment/paypal.php,/opt/lampp/htdocs/opencart/admin/controller/extension/payment/paypal.php): Permission denied in /opt/lampp/htdocs/opencart/admin/controller/marketplace/install.php on line 218
2020-11-11 21:10:13 - PHP Warning:  rename(/opt/lampp/htdocs/opencart/system/storage/upload/tmp-A4uMBuTrIG/upload/admin/model/extension/module/paypal_smart_button.php,/opt/lampp/htdocs/opencart/admin/model/extension/module/paypal_smart_button.php): Permission denied in /opt/lampp/htdocs/opencart/admin/controller/marketplace/install.php on line 218
2020-11-11 21:10:13 - PHP Warning:  rename(/opt/lampp/htdocs/opencart/system/storage/upload/tmp-A4uMBuTrIG/upload/admin/model/extension/payment/paypal.php,/opt/lampp/htdocs/opencart/admin/model/extension/payment/paypal.php): Permission denied in /opt/lampp/htdocs/opencart/admin/controller/marketplace/install.php on line 218
2020-11-11 21:10:13 - PHP Warning:  rename(/opt/lampp/htdocs/opencart/system/storage/upload/tmp-A4uMBuTrIG/upload/admin/view/image/payment/paypal.png,/opt/lampp/htdocs/opencart/admin/view/image/payment/paypal.png): Permission denied in /opt/lampp/htdocs/opencart/admin/controller/marketplace/install.php on line 218
2020-11-11 21:10:13 - PHP Warning:  rename(/opt/lampp/htdocs/opencart/system/storage/upload/tmp-A4uMBuTrIG/upload/catalog/controller/extension/module/paypal_smart_button.php,/opt/lampp/htdocs/opencart/catalog/controller/extension/module/paypal_smart_button.php): Permission denied in /opt/lampp/htdocs/opencart/admin/controller/marketplace/install.php on line 218
2020-11-11 21:10:13 - PHP Warning:  rename(/opt/lampp/htdocs/opencart/system/storage/upload/tmp-A4uMBuTrIG/upload/catalog/controller/extension/payment/paypal.php,/opt/lampp/htdocs/opencart/catalog/controller/extension/payment/paypal.php): Permission denied in /opt/lampp/htdocs/opencart/admin/controller/marketplace/install.php on line 218
2020-11-11 21:10:13 - PHP Warning:  rename(/opt/lampp/htdocs/opencart/system/storage/upload/tmp-A4uMBuTrIG/upload/catalog/model/extension/module/paypal_smart_button.php,/opt/lampp/htdocs/opencart/catalog/model/extension/module/paypal_smart_button.php): Permission denied in /opt/lampp/htdocs/opencart/admin/controller/marketplace/install.php on line 218
2020-11-11 21:10:13 - PHP Warning:  rename(/opt/lampp/htdocs/opencart/system/storage/upload/tmp-A4uMBuTrIG/upload/catalog/model/extension/payment/paypal.php,/opt/lampp/htdocs/opencart/catalog/model/extension/payment/paypal.php): Permission denied in /opt/lampp/htdocs/opencart/admin/controller/marketplace/install.php on line 218
2020-11-11 21:10:13 - PHP Warning:  rename(/opt/lampp/htdocs/opencart/system/storage/upload/tmp-A4uMBuTrIG/upload/admin/language/en-gb/extension/module/paypal_smart_button.php,/opt/lampp/htdocs/opencart/admin/language/en-gb/extension/module/paypal_smart_button.php): Permission denied in /opt/lampp/htdocs/opencart/admin/controller/marketplace/install.php on line 218
2020-11-11 21:10:13 - PHP Warning:  rename(/opt/lampp/htdocs/opencart/system/storage/upload/tmp-A4uMBuTrIG/upload/admin/language/en-gb/extension/payment/paypal.php,/opt/lampp/htdocs/opencart/admin/language/en-gb/extension/payment/paypal.php): Permission denied in /opt/lampp/htdocs/opencart/admin/controller/marketplace/install.php on line 218
2020-11-11 21:10:13 - PHP Warning:  rename(/opt/lampp/htdocs/opencart/system/storage/upload/tmp-A4uMBuTrIG/upload/admin/view/template/extension/module/paypal_smart_button.tpl,/opt/lampp/htdocs/opencart/admin/view/template/extension/module/paypal_smart_button.tpl): Permission denied in /opt/lampp/htdocs/opencart/admin/controller/marketplace/install.php on line 218
2020-11-11 21:10:13 - PHP Warning:  rename(/opt/lampp/htdocs/opencart/system/storage/upload/tmp-A4uMBuTrIG/upload/admin/view/template/extension/payment/paypal.tpl,/opt/lampp/htdocs/opencart/admin/view/template/extension/payment/paypal.tpl): Permission denied in /opt/lampp/htdocs/opencart/admin/controller/marketplace/install.php on line 218
2020-11-11 21:10:13 - PHP Warning:  rename(/opt/lampp/htdocs/opencart/system/storage/upload/tmp-A4uMBuTrIG/upload/catalog/language/en-gb/extension/module/paypal_smart_button.php,/opt/lampp/htdocs/opencart/catalog/language/en-gb/extension/module/paypal_smart_button.php): Permission denied in /opt/lampp/htdocs/opencart/admin/controller/marketplace/install.php on line 218
2020-11-11 21:10:13 - PHP Warning:  rename(/opt/lampp/htdocs/opencart/system/storage/upload/tmp-A4uMBuTrIG/upload/catalog/language/en-gb/extension/payment/paypal.php,/opt/lampp/htdocs/opencart/catalog/language/en-gb/extension/payment/paypal.php): Permission denied in /opt/lampp/htdocs/opencart/admin/controller/marketplace/install.php on line 218
2020-11-11 21:10:13 - PHP Warning:  rename(/opt/lampp/htdocs/opencart/system/storage/upload/tmp-A4uMBuTrIG/upload/catalog/view/theme/default/template/extension/module/paypal_smart_button.tpl,/opt/lampp/htdocs/opencart/catalog/view/theme/default/template/extension/module/paypal_smart_button.tpl): Permission denied in /opt/lampp/htdocs/opencart/admin/controller/marketplace/install.php on line 218
2020-11-11 21:10:13 - PHP Warning:  rename(/opt/lampp/htdocs/opencart/system/storage/upload/tmp-A4uMBuTrIG/upload/catalog/view/theme/default/template/extension/payment/paypal.tpl,/opt/lampp/htdocs/opencart/catalog/view/theme/default/template/extension/payment/paypal.tpl): Permission denied in /opt/lampp/htdocs/opencart/admin/controller/marketplace/install.php on line 218
2020-11-11 21:10:13 - PHP Warning:  rename(/opt/lampp/htdocs/opencart/system/storage/upload/tmp-A4uMBuTrIG/upload/catalog/view/theme/default/template/extension/module/paypal_smart_button/confirm.tpl,/opt/lampp/htdocs/opencart/catalog/view/theme/default/template/extension/module/paypal_smart_button/confirm.tpl): Permission denied in /opt/lampp/htdocs/opencart/admin/controller/marketplace/install.php on line 218
2020-11-11 21:10:13 - PHP Warning:  rename(/opt/lampp/htdocs/opencart/system/storage/upload/tmp-A4uMBuTrIG/upload/catalog/view/theme/default/template/extension/module/paypal_smart_button/payment_address.tpl,/opt/lampp/htdocs/opencart/catalog/view/theme/default/template/extension/module/paypal_smart_button/payment_address.tpl): Permission denied in /opt/lampp/htdocs/opencart/admin/controller/marketplace/install.php on line 218
2020-11-11 21:10:13 - PHP Warning:  rename(/opt/lampp/htdocs/opencart/system/storage/upload/tmp-A4uMBuTrIG/upload/catalog/view/theme/default/template/extension/module/paypal_smart_button/shipping_address.tpl,/opt/lampp/htdocs/opencart/catalog/view/theme/default/template/extension/module/paypal_smart_button/shipping_address.tpl): Permission denied in /opt/lampp/htdocs/opencart/admin/controller/marketplace/install.php on line 218
2020-11-11 21:11:13 - PHP Notice:  Trying to access array offset on value of type null in /opt/lampp/htdocs/opencart/admin/controller/marketplace/marketplace.php on line 1011
2020-11-11 21:11:13 - PHP Notice:  Trying to access array offset on value of type null in /opt/lampp/htdocs/opencart/admin/controller/marketplace/marketplace.php on line 1013
2020-11-11 21:27:17 - PHP Notice:  Trying to access array offset on value of type null in /opt/lampp/htdocs/opencart/admin/controller/marketplace/marketplace.php on line 1011
2020-11-11 21:27:17 - PHP Notice:  Trying to access array offset on value of type null in /opt/lampp/htdocs/opencart/admin/controller/marketplace/marketplace.php on line 1013
2020-11-12 19:42:08 - PHP Notice:  Trying to access array offset on value of type null in /opt/lampp/htdocs/opencart/admin/controller/marketplace/marketplace.php on line 1011
2020-11-12 19:42:08 - PHP Notice:  Trying to access array offset on value of type null in /opt/lampp/htdocs/opencart/admin/controller/marketplace/marketplace.php on line 1013
2020-11-12 19:48:22 - PHP Notice:  Trying to access array offset on value of type null in /opt/lampp/htdocs/opencart/admin/controller/marketplace/marketplace.php on line 167
2020-11-12 19:48:22 - PHP Notice:  Trying to access array offset on value of type null in /opt/lampp/htdocs/opencart/admin/controller/marketplace/marketplace.php on line 205
2020-11-12 19:48:22 - PHP Notice:  Trying to access array offset on value of type null in /opt/lampp/htdocs/opencart/admin/controller/marketplace/marketplace.php on line 222
2020-11-13 19:16:44 - PHP Notice:  Trying to access array offset on value of type null in /opt/lampp/htdocs/opencart/admin/controller/marketplace/marketplace.php on line 167
2020-11-13 19:16:44 - PHP Notice:  Trying to access array offset on value of type null in /opt/lampp/htdocs/opencart/admin/controller/marketplace/marketplace.php on line 205
2020-11-13 19:16:44 - PHP Notice:  Trying to access array offset on value of type null in /opt/lampp/htdocs/opencart/admin/controller/marketplace/marketplace.php on line 222
2020-11-13 19:17:55 - PHP Notice:  Trying to access array offset on value of type null in /opt/lampp/htdocs/opencart/admin/controller/marketplace/marketplace.php on line 1011
2020-11-13 19:17:55 - PHP Notice:  Trying to access array offset on value of type null in /opt/lampp/htdocs/opencart/admin/controller/marketplace/marketplace.php on line 1013
2020-11-13 19:53:39 - PHP Notice:  Trying to access array offset on value of type null in /opt/lampp/htdocs/opencart/admin/controller/marketplace/marketplace.php on line 1011
2020-11-13 19:53:39 - PHP Notice:  Trying to access array offset on value of type null in /opt/lampp/htdocs/opencart/admin/controller/marketplace/marketplace.php on line 1013
2020-11-14 4:11:12 - PHP Notice:  Indirect modification of overloaded property ControllerextensionpaymentPaysiteOpencart::$data has no effect in /opt/lampp/htdocs/opencart/admin/controller/extension/payment/PaysiteOpencart.php on line 16
2020-11-14 4:11:12 - PHP Notice:  Indirect modification of overloaded property ControllerextensionpaymentPaysiteOpencart::$data has no effect in /opt/lampp/htdocs/opencart/admin/controller/extension/payment/PaysiteOpencart.php on line 17
2020-11-14 4:11:12 - PHP Notice:  Indirect modification of overloaded property ControllerextensionpaymentPaysiteOpencart::$data has no effect in /opt/lampp/htdocs/opencart/admin/controller/extension/payment/PaysiteOpencart.php on line 18
2020-11-14 4:11:12 - PHP Notice:  Indirect modification of overloaded property ControllerextensionpaymentPaysiteOpencart::$data has no effect in /opt/lampp/htdocs/opencart/admin/controller/extension/payment/PaysiteOpencart.php on line 19
2020-11-14 4:11:12 - PHP Notice:  Indirect modification of overloaded property ControllerextensionpaymentPaysiteOpencart::$data has no effect in /opt/lampp/htdocs/opencart/admin/controller/extension/payment/PaysiteOpencart.php on line 20
2020-11-14 4:11:12 - PHP Notice:  Indirect modification of overloaded property ControllerextensionpaymentPaysiteOpencart::$data has no effect in /opt/lampp/htdocs/opencart/admin/controller/extension/payment/PaysiteOpencart.php on line 21
2020-11-14 4:11:12 - PHP Notice:  Indirect modification of overloaded property ControllerextensionpaymentPaysiteOpencart::$data has no effect in /opt/lampp/htdocs/opencart/admin/controller/extension/payment/PaysiteOpencart.php on line 22
2020-11-14 4:11:12 - PHP Notice:  Indirect modification of overloaded property ControllerextensionpaymentPaysiteOpencart::$data has no effect in /opt/lampp/htdocs/opencart/admin/controller/extension/payment/PaysiteOpencart.php on line 23
2020-11-14 4:11:12 - PHP Notice:  Indirect modification of overloaded property ControllerextensionpaymentPaysiteOpencart::$data has no effect in /opt/lampp/htdocs/opencart/admin/controller/extension/payment/PaysiteOpencart.php on line 24
2020-11-14 4:11:12 - PHP Notice:  Undefined index: token in /opt/lampp/htdocs/opencart/admin/controller/extension/payment/PaysiteOpencart.php on line 26
2020-11-14 4:11:12 - PHP Notice:  Indirect modification of overloaded property ControllerextensionpaymentPaysiteOpencart::$data has no effect in /opt/lampp/htdocs/opencart/admin/controller/extension/payment/PaysiteOpencart.php on line 26
2020-11-14 4:11:12 - PHP Notice:  Undefined index: token in /opt/lampp/htdocs/opencart/admin/controller/extension/payment/PaysiteOpencart.php on line 27
2020-11-14 4:11:12 - PHP Notice:  Indirect modification of overloaded property ControllerextensionpaymentPaysiteOpencart::$data has no effect in /opt/lampp/htdocs/opencart/admin/controller/extension/payment/PaysiteOpencart.php on line 27
2020-11-14 4:11:12 - PHP Notice:  Indirect modification of overloaded property ControllerextensionpaymentPaysiteOpencart::$data has no effect in /opt/lampp/htdocs/opencart/admin/controller/extension/payment/PaysiteOpencart.php on line 32
2020-11-14 4:11:12 - PHP Notice:  Indirect modification of overloaded property ControllerextensionpaymentPaysiteOpencart::$data has no effect in /opt/lampp/htdocs/opencart/admin/controller/extension/payment/PaysiteOpencart.php on line 38
2020-11-14 4:11:12 - PHP Notice:  Indirect modification of overloaded property ControllerextensionpaymentPaysiteOpencart::$data has no effect in /opt/lampp/htdocs/opencart/admin/controller/extension/payment/PaysiteOpencart.php on line 44
2020-11-14 4:11:12 - PHP Notice:  Indirect modification of overloaded property ControllerextensionpaymentPaysiteOpencart::$data has no effect in /opt/lampp/htdocs/opencart/admin/controller/extension/payment/PaysiteOpencart.php on line 50
2020-11-14 4:11:12 - PHP Notice:  Indirect modification of overloaded property ControllerextensionpaymentPaysiteOpencart::$data has no effect in /opt/lampp/htdocs/opencart/admin/controller/extension/payment/PaysiteOpencart.php on line 54
2020-11-14 4:14:01 - PHP Notice:  Undefined index: token in /opt/lampp/htdocs/opencart/admin/controller/extension/payment/PaysiteOpencart.php on line 27
2020-11-14 4:14:01 - PHP Notice:  Undefined index: token in /opt/lampp/htdocs/opencart/admin/controller/extension/payment/PaysiteOpencart.php on line 28
2020-11-14 4:27:40 - PHP Notice:  Undefined index: token in /opt/lampp/htdocs/opencart/admin/controller/extension/payment/PaysiteOpencart.php on line 32
2020-11-14 4:27:40 - PHP Notice:  Undefined index: token in /opt/lampp/htdocs/opencart/admin/controller/extension/payment/PaysiteOpencart.php on line 33
2020-11-14 6:07:23 - PHP Notice:  Undefined index: text_config_one in /opt/lampp/htdocs/opencart/admin/controller/extension/payment/PaysiteOpencart.php on line 92
2020-11-14 6:07:23 - PHP Notice:  Undefined index: text_config_two in /opt/lampp/htdocs/opencart/admin/controller/extension/payment/PaysiteOpencart.php on line 96
2020-11-14 6:10:44 - PHP Notice:  Undefined index: text_config_one in /opt/lampp/htdocs/opencart/admin/controller/extension/payment/PaysiteOpencart.php on line 91
2020-11-14 6:10:44 - PHP Notice:  Undefined index: text_config_two in /opt/lampp/htdocs/opencart/admin/controller/extension/payment/PaysiteOpencart.php on line 95
2020-11-14 6:19:02 - PHP Notice:  Undefined index: text_config_one in /opt/lampp/htdocs/opencart/admin/controller/extension/payment/PaysiteOpencart.php on line 93
2020-11-14 6:19:02 - PHP Notice:  Undefined index: text_config_two in /opt/lampp/htdocs/opencart/admin/controller/extension/payment/PaysiteOpencart.php on line 97
2020-11-14 6:20:41 - PHP Notice:  Undefined index: text_config_one in /opt/lampp/htdocs/opencart/admin/controller/extension/payment/PaysiteOpencart.php on line 93
2020-11-14 6:20:41 - PHP Notice:  Undefined index: text_config_two in /opt/lampp/htdocs/opencart/admin/controller/extension/payment/PaysiteOpencart.php on line 97
2020-11-14 6:21:01 - PHP Notice:  Undefined index: text_config_one in /opt/lampp/htdocs/opencart/admin/controller/extension/payment/PaysiteOpencart.php on line 93
2020-11-14 6:21:01 - PHP Notice:  Undefined index: text_config_two in /opt/lampp/htdocs/opencart/admin/controller/extension/payment/PaysiteOpencart.php on line 97
2020-11-14 6:21:22 - PHP Notice:  Undefined index: text_config_one in /opt/lampp/htdocs/opencart/admin/controller/extension/payment/PaysiteOpencart.php on line 91
2020-11-14 6:21:22 - PHP Notice:  Undefined index: text_config_two in /opt/lampp/htdocs/opencart/admin/controller/extension/payment/PaysiteOpencart.php on line 95
2020-11-14 7:42:15 - PHP Notice:  Undefined index: text_config_one in /opt/lampp/htdocs/opencart/admin/controller/extension/payment/PaysiteOpencart.php on line 92
2020-11-14 7:42:15 - PHP Notice:  Undefined index: text_config_two in /opt/lampp/htdocs/opencart/admin/controller/extension/payment/PaysiteOpencart.php on line 96
2020-11-14 7:43:01 - PHP Notice:  Undefined index: text_config_one in /opt/lampp/htdocs/opencart/admin/controller/extension/payment/PaysiteOpencart.php on line 92
2020-11-14 7:43:01 - PHP Notice:  Undefined index: text_config_two in /opt/lampp/htdocs/opencart/admin/controller/extension/payment/PaysiteOpencart.php on line 96
2020-11-14 8:00:18 - PHP Notice:  Undefined index: paysite_user_email in /opt/lampp/htdocs/opencart/admin/controller/extension/payment/PaysiteOpencart.php on line 92
2020-11-14 8:00:18 - PHP Notice:  Undefined index: paysite_user_password in /opt/lampp/htdocs/opencart/admin/controller/extension/payment/PaysiteOpencart.php on line 96
2020-11-14 17:26:31 - PHP Notice:  Undefined index: paysite_user_email in /opt/lampp/htdocs/opencart/admin/controller/extension/payment/PaysiteOpencart.php on line 100
2020-11-14 17:26:31 - PHP Notice:  Undefined index: paysite_user_password in /opt/lampp/htdocs/opencart/admin/controller/extension/payment/PaysiteOpencart.php on line 104
